<?xml version="1.0" encoding="UTF-8"?>
<testng-results skipped="0" failed="0" ignored="0" total="1" passed="1">
  <reporter-output>
  </reporter-output>
  <suite name="Default suite" duration-ms="36526" started-at="2021-05-31T22:25:19 IST" finished-at="2021-05-31T22:25:55 IST">
    <groups>
    </groups>
    <test name="Default test" duration-ms="36526" started-at="2021-05-31T22:25:19 IST" finished-at="2021-05-31T22:25:55 IST">
      <class name="com.app.testscripts.E2ETestCase">
        <test-method status="PASS" signature="setUp()[pri:0, instance:com.app.testscripts.E2ETestCase@6ee52dcd]" name="setUp" is-config="true" duration-ms="11414" started-at="2021-05-31T22:25:19 IST" finished-at="2021-05-31T22:25:30 IST">
          <reporter-output>
          </reporter-output>
        </test-method> <!-- setUp -->
        <test-method status="PASS" signature="E2ETestMethod()[pri:0, instance:com.app.testscripts.E2ETestCase@6ee52dcd]" name="E2ETestMethod" duration-ms="24673" started-at="2021-05-31T22:25:30 IST" finished-at="2021-05-31T22:25:55 IST">
          <reporter-output>
          </reporter-output>
        </test-method> <!-- E2ETestMethod -->
        <test-method status="PASS" signature="StopAppiumServer()[pri:0, instance:com.app.testscripts.E2ETestCase@6ee52dcd]" name="StopAppiumServer" is-config="true" duration-ms="408" started-at="2021-05-31T22:25:55 IST" finished-at="2021-05-31T22:25:55 IST">
          <reporter-output>
          </reporter-output>
        </test-method> <!-- StopAppiumServer -->
      </class> <!-- com.app.testscripts.E2ETestCase -->
    </test> <!-- Default test -->
  </suite> <!-- Default suite -->
</testng-results>
